TN:
SF:constants.js
FNF:0
FNH:0
DA:1,1
DA:2,1
DA:3,1
DA:4,1
DA:5,1
DA:6,1
DA:7,1
DA:8,1
DA:9,1
DA:10,1
DA:11,1
DA:12,1
DA:13,1
DA:14,1
DA:15,1
DA:16,1
DA:17,1
LF:17
LH:17
BRF:0
BRH:0
end_of_record
TN:
SF:redeemService.js
FN:5,handleError
FN:17,getRewards
FN:29,rewardsService
FNF:3
FNH:3
FNDA:2,handleError
FNDA:5,getRewards
FNDA:8,rewardsService
DA:1,1
DA:2,1
DA:3,1
DA:4,1
DA:5,1
DA:6,2
DA:7,2
DA:8,2
DA:9,2
DA:10,1
DA:11,1
DA:12,1
DA:13,1
DA:14,2
DA:15,2
DA:16,1
DA:17,1
DA:18,5
DA:19,5
DA:20,13
DA:21,9
DA:22,9
DA:23,13
DA:24,5
DA:25,5
DA:26,5
DA:27,5
DA:28,1
DA:29,8
DA:30,8
DA:31,8
DA:32,8
DA:33,8
DA:34,8
DA:35,8
DA:36,5
DA:37,5
DA:38,8
DA:39,8
DA:40,8
DA:41,8
DA:42,2
DA:43,2
DA:44,8
DA:45,1
DA:46,1
DA:47,1
DA:48,1
DA:49,1
LF:49
LH:49
BRDA:5,0,0,2
BRDA:9,1,0,1
BRDA:17,2,0,5
BRDA:19,3,0,13
BRDA:20,4,0,9
BRDA:29,5,0,8
BRDA:35,6,0,5
BRDA:41,7,0,2
BRF:8
BRH:8
end_of_record
